SF:lib\common\exception.dart
DA:6,4
LF:1
LH:1
end_of_record
SF:lib\data\datasources\movie_local_data_source.dart
DA:16,1
DA:18,1
DA:21,2
DA:24,2
DA:28,1
DA:31,2
DA:34,2
DA:38,1
DA:40,2
DA:42,1
DA:48,1
DA:50,2
DA:51,4
LF:13
LH:13
end_of_record
SF:lib\data\models\movie_table.dart
DA:11,2
DA:18,2
DA:19,1
DA:20,1
DA:21,1
DA:22,1
DA:25,2
DA:26,1
DA:27,1
DA:28,1
DA:29,1
DA:32,0
DA:33,0
DA:34,0
DA:35,0
DA:36,0
DA:39,2
DA:40,1
DA:41,1
DA:42,1
DA:43,1
DA:46,2
DA:47,10
LF:23
LH:18
end_of_record
SF:lib\domain\entities\genre.dart
DA:4,15
DA:12,5
DA:13,15
LF:3
LH:3
end_of_record
SF:lib\domain\entities\movie.dart
DA:4,10
DA:20,1
DA:41,7
DA:42,7
DA:43,7
DA:44,7
DA:45,7
DA:46,7
DA:47,7
DA:48,7
DA:49,7
DA:50,7
DA:51,7
DA:52,7
DA:53,7
DA:54,7
DA:55,7
LF:17
LH:17
end_of_record
SF:lib\domain\entities\movie_detail.dart
DA:5,7
DA:33,2
DA:34,2
DA:35,2
DA:36,2
DA:37,2
DA:38,2
DA:39,2
DA:40,2
DA:41,2
DA:42,2
DA:43,2
DA:44,2
DA:45,2
LF:14
LH:14
end_of_record
SF:lib\common\failure.dart
DA:6,4
DA:8,2
DA:9,4
DA:13,8
DA:17,4
DA:21,4
DA:24,0
DA:27,0
LF:8
LH:6
end_of_record
SF:lib\data\datasources\db\database_helper.dart
DA:9,0
DA:13,0
DA:17,0
DA:19,0
DA:27,0
DA:28,0
DA:29,0
DA:31,0
DA:35,0
DA:36,0
DA:43,0
DA:44,0
DA:51,0
DA:55,0
DA:56,0
DA:57,0
DA:60,0
DA:61,0
DA:62,0
DA:65,0
DA:69,0
DA:70,0
DA:71,0
DA:74,0
DA:77,0
DA:78,0
DA:84,0
DA:85,0
DA:86,0
DA:93,0
DA:94,0
DA:95,0
DA:98,0
DA:99,0
DA:100,0
DA:103,0
DA:107,0
DA:108,0
DA:109,0
DA:112,0
DA:115,0
DA:116,0
DA:122,0
DA:123,0
DA:124,0
LF:45
LH:0
end_of_record
SF:lib\data\datasources\movie_remote_data_source.dart
DA:22,1
DA:24,1
DA:27,4
DA:29,2
DA:30,4
DA:32,1
DA:36,1
DA:39,4
DA:41,2
DA:42,3
DA:44,1
DA:48,1
DA:50,1
DA:51,3
DA:53,2
DA:54,4
DA:56,1
DA:60,1
DA:63,4
DA:65,2
DA:66,4
DA:68,1
DA:72,1
DA:75,4
DA:77,2
DA:78,4
DA:80,1
DA:84,1
DA:86,1
DA:87,3
DA:89,2
DA:90,4
DA:92,1
LF:33
LH:33
end_of_record
SF:lib\data\datasources\tv_local_data_source.dart
DA:16,1
DA:18,1
DA:21,2
DA:24,2
DA:28,1
DA:31,2
DA:34,2
DA:38,1
DA:40,2
DA:42,1
DA:48,1
DA:50,2
DA:51,4
LF:13
LH:13
end_of_record
SF:lib\data\datasources\tv_remote_data_source.dart
DA:22,2
DA:24,2
DA:27,8
DA:29,4
DA:30,8
DA:32,2
DA:36,1
DA:39,4
DA:41,2
DA:42,3
DA:44,1
DA:48,1
DA:50,1
DA:51,3
DA:53,2
DA:54,4
DA:56,1
DA:60,1
DA:63,4
DA:65,2
DA:66,4
DA:68,1
DA:72,1
DA:75,4
DA:77,2
DA:78,4
DA:80,1
DA:84,1
DA:86,1
DA:87,3
DA:89,2
DA:90,4
DA:92,1
LF:33
LH:33
end_of_record
SF:lib\data\models\movie_detail_model.dart
DA:6,2
DA:52,1
DA:53,1
DA:54,1
DA:55,1
DA:56,1
DA:57,1
DA:58,4
DA:59,1
DA:60,1
DA:61,1
DA:62,1
DA:63,1
DA:64,1
DA:65,2
DA:66,1
DA:67,1
DA:68,1
DA:69,1
DA:70,1
DA:71,1
DA:72,1
DA:73,1
DA:74,2
DA:75,1
DA:78,0
DA:79,0
DA:80,0
DA:81,0
DA:82,0
DA:83,0
DA:84,0
DA:85,0
DA:86,0
DA:87,0
DA:88,0
DA:89,0
DA:90,0
DA:91,0
DA:92,0
DA:93,0
DA:94,0
DA:95,0
DA:96,0
DA:97,0
DA:98,0
DA:99,0
DA:102,1
DA:103,1
DA:104,1
DA:105,1
DA:106,5
DA:107,1
DA:108,1
DA:109,1
DA:110,1
DA:111,1
DA:112,1
DA:113,1
DA:114,1
DA:115,1
DA:119,1
DA:120,1
DA:121,1
DA:122,1
DA:123,1
DA:124,1
DA:125,1
DA:126,1
DA:127,1
DA:128,1
DA:129,1
DA:130,1
DA:131,1
DA:132,1
DA:133,1
DA:134,1
DA:135,1
DA:136,1
DA:137,1
DA:138,1
DA:139,1
DA:140,1
DA:141,1
LF:84
LH:62
end_of_record
SF:lib\data\models\movie_model.dart
DA:5,4
DA:35,4
DA:36,2
DA:37,2
DA:38,8
DA:39,2
DA:40,2
DA:41,2
DA:42,4
DA:43,2
DA:44,2
DA:45,2
DA:46,2
DA:47,4
DA:48,2
DA:51,2
DA:52,1
DA:53,1
DA:54,4
DA:55,1
DA:56,1
DA:57,1
DA:58,1
DA:59,1
DA:60,1
DA:61,1
DA:62,1
DA:63,1
DA:64,1
DA:67,2
DA:68,2
DA:69,2
DA:70,2
DA:71,2
DA:72,2
DA:73,2
DA:74,2
DA:75,2
DA:76,2
DA:77,2
DA:78,2
DA:79,2
DA:80,2
DA:81,2
DA:85,2
DA:86,2
DA:87,2
DA:88,2
DA:89,2
DA:90,2
DA:91,2
DA:92,2
DA:93,2
DA:94,2
DA:95,2
DA:96,2
DA:97,2
DA:98,2
DA:99,2
LF:59
LH:59
end_of_record
SF:lib\data\models\tv_detail_model.dart
DA:6,3
DA:52,2
DA:53,1
DA:54,1
DA:55,1
DA:56,5
DA:57,1
DA:58,1
DA:59,1
DA:60,1
DA:61,1
DA:62,1
DA:63,1
DA:64,1
DA:65,1
DA:66,1
DA:67,2
DA:68,1
DA:69,1
DA:70,1
DA:71,1
DA:72,2
DA:73,1
DA:76,0
DA:77,0
DA:78,0
DA:79,0
DA:80,0
DA:81,0
DA:82,0
DA:83,0
DA:84,0
DA:85,0
DA:86,0
DA:87,0
DA:88,0
DA:89,0
DA:90,0
DA:91,0
DA:92,0
DA:93,0
DA:94,0
DA:95,0
DA:96,0
DA:97,0
DA:100,2
DA:101,2
DA:102,2
DA:103,2
DA:104,10
DA:105,2
DA:106,2
DA:107,2
DA:108,2
DA:109,2
DA:110,2
DA:111,2
DA:112,2
DA:113,2
DA:114,2
DA:115,2
DA:118,1
DA:119,1
DA:120,1
DA:121,1
DA:122,1
DA:123,1
DA:124,1
DA:125,1
DA:126,1
DA:127,1
DA:128,1
DA:129,1
DA:130,1
DA:131,1
DA:132,1
DA:133,1
DA:134,1
DA:135,1
DA:136,1
DA:137,1
DA:138,1
DA:139,1
DA:140,1
LF:84
LH:62
end_of_record
SF:lib\data\models\tv_model.dart
DA:5,5
DA:35,6
DA:36,3
DA:37,3
DA:38,12
DA:39,3
DA:40,3
DA:41,12
DA:42,3
DA:43,3
DA:44,3
DA:45,6
DA:46,3
DA:47,6
DA:48,3
DA:51,2
DA:52,2
DA:53,1
DA:54,4
DA:55,1
DA:56,1
DA:57,4
DA:58,1
DA:59,1
DA:60,1
DA:61,1
DA:62,1
DA:63,1
DA:64,1
DA:68,2
DA:69,2
DA:70,2
DA:71,2
DA:72,2
DA:73,2
DA:74,2
DA:75,2
DA:76,2
DA:77,2
DA:78,2
DA:79,2
DA:80,2
DA:81,2
DA:82,2
DA:86,3
DA:87,3
DA:88,3
DA:89,3
DA:90,3
DA:91,3
DA:92,3
DA:93,3
DA:94,3
DA:95,3
DA:96,3
DA:97,3
DA:98,3
DA:99,3
DA:100,3
LF:59
LH:59
end_of_record
SF:lib\data\models\tv_table.dart
DA:11,2
DA:18,2
DA:19,1
DA:20,1
DA:21,1
DA:22,1
DA:25,2
DA:26,1
DA:27,1
DA:28,1
DA:29,1
DA:32,0
DA:33,0
DA:34,0
DA:35,0
DA:36,0
DA:39,2
DA:40,1
DA:41,1
DA:42,1
DA:43,1
DA:46,2
DA:47,2
DA:48,2
DA:49,2
DA:50,2
DA:51,2
LF:27
LH:22
end_of_record
SF:lib\domain\entities\tv.dart
DA:4,13
DA:20,1
DA:41,8
DA:42,8
DA:43,8
DA:44,8
DA:45,8
DA:46,8
DA:47,8
DA:48,8
DA:49,8
DA:50,8
DA:51,8
DA:52,8
DA:53,8
DA:54,8
DA:55,8
LF:17
LH:17
end_of_record
SF:lib\domain\entities\tv_detail.dart
DA:5,8
DA:39,3
DA:40,3
DA:41,3
DA:42,3
DA:43,3
DA:44,3
DA:45,3
DA:46,3
DA:47,3
DA:48,3
DA:49,3
DA:50,3
DA:51,3
DA:52,3
DA:53,3
DA:54,3
LF:17
LH:17
end_of_record
SF:lib\common\constants.dart
DA:20,4
DA:21,2
DA:22,24
DA:24,0
DA:26,0
DA:30,0
DA:31,0
DA:32,0
DA:33,0
DA:34,0
LF:10
LH:3
end_of_record
SF:lib\data\models\movie_response.dart
DA:7,2
DA:9,4
DA:10,4
DA:11,6
DA:14,2
DA:15,5
DA:18,1
DA:19,2
LF:8
LH:8
end_of_record
SF:lib\data\models\tv_response.dart
DA:7,3
DA:9,6
DA:10,6
DA:11,9
DA:12,9
DA:15,2
DA:16,5
DA:19,1
DA:20,2
LF:9
LH:9
end_of_record
SF:lib\data\models\genre_model.dart
DA:5,5
DA:13,4
DA:14,2
DA:15,2
DA:18,0
DA:19,0
DA:20,0
DA:23,3
DA:24,9
DA:27,2
DA:28,6
LF:11
LH:8
end_of_record
SF:lib\data\repositories\movie_repository_impl.dart
DA:18,1
DA:23,1
DA:26,2
DA:27,5
DA:28,1
DA:29,2
DA:30,1
DA:31,2
DA:32,0
DA:33,0
DA:34,0
DA:35,0
DA:37,0
DA:41,1
DA:44,2
DA:45,2
DA:46,1
DA:47,2
DA:48,1
DA:49,2
DA:50,0
DA:51,0
DA:52,0
DA:53,0
DA:55,0
DA:59,1
DA:62,2
DA:63,3
DA:64,1
DA:65,2
DA:66,1
DA:67,2
DA:68,0
DA:69,0
DA:70,0
DA:71,0
DA:73,0
DA:77,1
DA:80,2
DA:81,5
DA:82,1
DA:83,2
DA:84,1
DA:85,2
DA:86,0
DA:87,0
DA:88,0
DA:89,0
DA:91,0
DA:95,1
DA:98,2
DA:99,5
DA:100,1
DA:101,2
DA:102,1
DA:103,2
DA:104,0
DA:105,0
DA:106,0
DA:107,0
DA:109,0
DA:113,1
DA:116,2
DA:117,5
DA:118,1
DA:119,2
DA:120,1
DA:121,2
DA:122,0
DA:123,0
DA:124,0
DA:125,0
DA:127,0
DA:131,1
DA:135,3
DA:136,1
DA:137,1
DA:138,3
DA:144,1
DA:148,3
DA:149,1
DA:150,1
DA:151,3
DA:155,1
DA:157,2
DA:161,1
DA:163,2
DA:164,5
LF:88
LH:58
end_of_record
SF:lib\data\repositories\tv_repository_impl.dart
DA:18,1
DA:23,1
DA:26,2
DA:27,5
DA:28,1
DA:29,2
DA:30,1
DA:31,2
DA:32,0
DA:33,0
DA:34,0
DA:35,0
DA:37,0
DA:41,1
DA:44,2
DA:45,2
DA:46,1
DA:47,2
DA:48,1
DA:49,2
DA:50,0
DA:51,0
DA:52,0
DA:53,0
DA:55,0
DA:59,1
DA:62,2
DA:63,3
DA:64,1
DA:65,2
DA:66,1
DA:67,2
DA:68,0
DA:69,0
DA:70,0
DA:71,0
DA:73,0
DA:77,1
DA:80,2
DA:81,5
DA:82,1
DA:83,2
DA:84,1
DA:85,2
DA:86,0
DA:87,0
DA:88,0
DA:89,0
DA:91,0
DA:95,1
DA:98,2
DA:99,5
DA:100,1
DA:101,2
DA:102,1
DA:103,2
DA:104,0
DA:105,0
DA:106,0
DA:107,0
DA:109,0
DA:113,1
DA:116,2
DA:117,5
DA:118,1
DA:119,2
DA:120,1
DA:121,2
DA:122,0
DA:123,0
DA:124,0
DA:125,0
DA:127,0
DA:131,1
DA:135,3
DA:136,1
DA:137,1
DA:138,3
DA:144,1
DA:148,3
DA:149,1
DA:150,1
DA:151,3
DA:155,1
DA:157,2
DA:161,1
DA:163,2
DA:164,5
LF:88
LH:58
end_of_record
SF:lib\domain\usecases\get_now_playing_movies.dart
DA:9,1
DA:11,1
DA:12,2
LF:3
LH:3
end_of_record
SF:lib\domain\usecases\get_popular_movies.dart
DA:9,1
DA:11,1
DA:12,2
LF:3
LH:3
end_of_record
SF:lib\domain\usecases\get_top_rated_movies.dart
DA:9,1
DA:11,1
DA:12,2
LF:3
LH:3
end_of_record
SF:lib\domain\usecases\get_watchlist_movies.dart
DA:9,1
DA:11,1
DA:12,2
LF:3
LH:3
end_of_record
SF:lib\domain\usecases\search_movies.dart
DA:9,1
DA:11,1
DA:12,2
LF:3
LH:3
end_of_record
SF:lib\domain\usecases\get_movie_detail.dart
DA:9,1
DA:11,1
DA:12,2
LF:3
LH:3
end_of_record
SF:lib\domain\usecases\get_movie_recommendations.dart
DA:9,1
DA:11,1
DA:12,2
LF:3
LH:3
end_of_record
SF:lib\domain\usecases\get_watchlist_status_movie.dart
DA:6,1
DA:8,1
DA:9,2
LF:3
LH:3
end_of_record
SF:lib\domain\usecases\remove_watchlist.dart
DA:9,1
DA:11,1
DA:12,2
LF:3
LH:3
end_of_record
SF:lib\domain\usecases\save_watchlist_movie.dart
DA:9,1
DA:11,1
DA:12,2
LF:3
LH:3
end_of_record
SF:lib\domain\usecases\get_now_playing_tvs.dart
DA:9,1
DA:11,1
DA:12,2
LF:3
LH:3
end_of_record
SF:lib\domain\usecases\get_popular_tvs.dart
DA:9,1
DA:11,1
DA:12,2
LF:3
LH:3
end_of_record
SF:lib\domain\usecases\get_top_rated_tvs.dart
DA:9,1
DA:11,1
DA:12,2
LF:3
LH:3
end_of_record
SF:lib\domain\usecases\get_watchlist_tvs.dart
DA:9,1
DA:11,1
DA:12,2
LF:3
LH:3
end_of_record
SF:lib\domain\usecases\search_tvs.dart
DA:9,1
DA:11,1
DA:12,2
LF:3
LH:3
end_of_record
SF:lib\domain\usecases\get_tv_detail.dart
DA:9,1
DA:11,1
DA:12,2
LF:3
LH:3
end_of_record
SF:lib\domain\usecases\get_tv_recommendations.dart
DA:9,1
DA:11,1
DA:12,2
LF:3
LH:3
end_of_record
SF:lib\domain\usecases\get_watchlist_status_tv.dart
DA:6,1
DA:8,1
DA:9,2
LF:3
LH:3
end_of_record
SF:lib\domain\usecases\remove_watchlist_tv.dart
DA:9,1
DA:11,1
DA:12,2
LF:3
LH:3
end_of_record
SF:lib\domain\usecases\save_watchlist_tv.dart
DA:9,1
DA:11,1
DA:12,2
LF:3
LH:3
end_of_record
SF:lib\presentation\bloc\movie_detail\movie_detail_event.dart
DA:8,2
DA:9,0
DA:10,0
DA:17,0
DA:18,0
DA:19,0
DA:26,0
DA:28,0
DA:29,0
DA:36,0
DA:38,0
DA:39,0
DA:46,1
DA:48,0
DA:49,0
LF:15
LH:2
end_of_record
SF:lib\presentation\bloc\movie_detail\movie_detail_state.dart
DA:11,12
DA:21,2
DA:32,2
DA:39,2
DA:40,2
DA:41,2
DA:42,2
DA:43,2
DA:44,0
DA:45,2
DA:49,1
DA:50,1
DA:51,1
DA:52,1
DA:53,1
DA:54,1
DA:55,1
DA:56,1
LF:18
LH:17
end_of_record
SF:lib\presentation\bloc\movie_detail\movie_detail_bloc.dart
DA:22,1
DA:28,2
DA:29,2
DA:30,1
DA:31,3
DA:33,3
DA:35,3
DA:37,3
DA:39,1
DA:40,0
DA:41,1
DA:42,3
DA:48,1
DA:49,0
DA:51,0
DA:52,1
DA:53,3
DA:61,1
DA:62,0
DA:63,0
DA:66,1
DA:67,0
DA:68,0
DA:69,0
DA:70,0
DA:71,0
DA:76,1
DA:77,0
DA:78,0
DA:79,0
DA:80,0
DA:81,0
DA:82,0
LF:33
LH:17
end_of_record
SF:lib\presentation\bloc\popular_movies\popular_movies_state.dart
DA:4,3
DA:6,2
DA:7,2
DA:17,1
DA:19,0
DA:20,0
DA:26,3
DA:28,2
DA:29,4
LF:9
LH:7
end_of_record
SF:lib\presentation\bloc\popular_movies\popular_movies_bloc.dart
DA:13,6
DA:14,4
DA:16,4
DA:17,4
DA:18,2
DA:19,0
DA:20,2
DA:21,4
LF:8
LH:7
end_of_record
SF:lib\presentation\bloc\popular_movies\popular_movies_event.dart
DA:6,0
DA:7,0
LF:2
LH:0
end_of_record
SF:lib\presentation\bloc\movie_search\movie_search_state.dart
DA:4,1
DA:6,1
DA:7,1
DA:17,1
DA:19,1
DA:20,2
DA:26,1
DA:28,1
DA:29,2
LF:9
LH:9
end_of_record
SF:lib\presentation\bloc\movie_search\movie_search_bloc.dart
DA:11,1
DA:12,3
DA:18,3
DA:19,2
DA:20,1
DA:21,1
DA:23,2
DA:24,2
DA:25,2
DA:26,3
DA:27,1
DA:28,2
DA:30,1
LF:13
LH:13
end_of_record
SF:lib\presentation\bloc\movie_search\movie_search_event.dart
DA:4,1
DA:6,0
DA:7,0
DA:13,1
DA:15,0
DA:16,0
LF:6
LH:2
end_of_record
SF:lib\presentation\bloc\popular_tvs\popular_tvs_bloc.dart
DA:12,6
DA:13,4
DA:15,4
DA:16,4
DA:17,2
DA:18,0
DA:19,2
DA:20,4
LF:8
LH:7
end_of_record
SF:lib\presentation\bloc\popular_tvs\popular_tvs_state.dart
DA:4,3
DA:6,2
DA:7,2
DA:17,1
DA:19,0
DA:20,0
DA:26,3
DA:28,2
DA:29,4
LF:9
LH:7
end_of_record
SF:lib\presentation\bloc\popular_tvs\popular_tvs_event.dart
DA:6,0
DA:7,0
LF:2
LH:0
end_of_record
SF:lib\presentation\bloc\tv_detail\tv_detail_state.dart
DA:11,8
DA:21,2
DA:32,2
DA:39,2
DA:40,2
DA:41,2
DA:42,2
DA:43,2
DA:44,0
DA:45,2
DA:49,1
DA:50,1
DA:51,1
DA:52,1
DA:53,1
DA:54,1
DA:55,1
DA:56,1
LF:18
LH:17
end_of_record
SF:lib\presentation\bloc\tv_detail\tv_detail_bloc.dart
DA:22,1
DA:28,2
DA:29,2
DA:30,1
DA:31,3
DA:33,3
DA:35,3
DA:37,3
DA:39,1
DA:40,0
DA:41,1
DA:42,3
DA:48,1
DA:49,0
DA:50,0
DA:51,1
DA:52,3
DA:60,1
DA:61,0
DA:62,0
DA:65,1
DA:66,0
DA:67,0
DA:68,0
DA:69,0
DA:70,0
DA:74,1
DA:75,0
DA:76,0
DA:77,0
DA:78,0
DA:79,0
LF:32
LH:17
end_of_record
SF:lib\presentation\bloc\tv_detail\tv_detail_event.dart
DA:8,2
DA:9,0
DA:10,0
DA:17,0
DA:18,0
DA:19,0
DA:26,0
DA:28,0
DA:29,0
DA:36,0
DA:38,0
DA:39,0
DA:46,1
DA:48,0
DA:49,0
LF:15
LH:2
end_of_record
SF:lib\presentation\bloc\tv_now_playing\tv_now_playing_event.dart
DA:6,0
DA:7,0
LF:2
LH:0
end_of_record
SF:lib\presentation\bloc\tv_now_playing\tv_now_playing_bloc.dart
DA:12,3
DA:13,2
DA:15,2
DA:16,2
DA:17,1
DA:18,0
DA:19,1
DA:20,2
LF:8
LH:7
end_of_record
SF:lib\presentation\bloc\tv_now_playing\tv_now_playing_state.dart
DA:4,2
DA:6,1
DA:7,1
DA:17,1
DA:19,0
DA:20,0
DA:26,2
DA:28,1
DA:29,2
LF:9
LH:7
end_of_record
SF:lib\presentation\bloc\watchlist_movie\watchlist_movie_event.dart
DA:6,0
DA:7,0
DA:13,1
DA:15,0
DA:16,0
DA:23,1
DA:25,0
DA:26,0
DA:33,1
DA:35,0
DA:36,0
LF:11
LH:3
end_of_record
SF:lib\presentation\bloc\watchlist_movie\watchlist_movie_state.dart
DA:4,1
DA:6,1
DA:7,1
DA:17,0
DA:19,0
DA:20,0
DA:26,1
DA:28,1
DA:29,2
DA:35,1
DA:37,1
DA:38,2
DA:45,1
DA:47,1
DA:48,2
LF:15
LH:12
end_of_record
SF:lib\presentation\bloc\watchlist_movie\watchlist_movie_bloc.dart
DA:19,1
DA:24,2
DA:26,2
DA:27,2
DA:28,2
DA:29,1
DA:30,0
DA:31,1
DA:32,2
DA:36,2
DA:37,3
DA:38,2
DA:41,2
DA:42,3
DA:43,1
DA:44,0
DA:45,1
DA:46,2
DA:50,2
DA:51,3
DA:52,1
DA:53,0
DA:54,1
DA:55,2
LF:24
LH:21
end_of_record
SF:lib\presentation\bloc\tv_search\tv_search_state.dart
DA:4,1
DA:6,1
DA:7,1
DA:17,1
DA:19,1
DA:20,2
DA:26,1
DA:28,1
DA:29,2
LF:9
LH:9
end_of_record
SF:lib\presentation\bloc\tv_search\tv_search_event.dart
DA:4,1
DA:6,0
DA:7,0
DA:13,1
DA:15,0
DA:16,0
LF:6
LH:2
end_of_record
SF:lib\presentation\bloc\tv_search\tv_search_bloc.dart
DA:11,1
DA:12,3
DA:18,3
DA:19,2
DA:20,1
DA:21,1
DA:23,2
DA:24,2
DA:25,2
DA:26,3
DA:27,1
DA:28,2
DA:30,1
LF:13
LH:13
end_of_record
SF:lib\presentation\bloc\watchlist_tv\watchlist_tv_state.dart
DA:4,2
DA:6,1
DA:7,1
DA:17,1
DA:19,0
DA:20,0
DA:26,1
DA:28,1
DA:29,2
DA:35,2
DA:37,1
DA:38,2
DA:45,1
DA:47,1
DA:48,2
LF:15
LH:13
end_of_record
SF:lib\presentation\bloc\watchlist_tv\watchlist_tv_event.dart
DA:6,0
DA:7,0
DA:13,1
DA:15,0
DA:16,0
DA:23,1
DA:25,0
DA:26,0
DA:33,1
DA:35,0
DA:36,0
LF:11
LH:3
end_of_record
SF:lib\presentation\bloc\watchlist_tv\watchlist_tv_bloc.dart
DA:19,1
DA:24,2
DA:26,2
DA:27,2
DA:28,2
DA:29,1
DA:30,0
DA:31,1
DA:32,2
DA:36,2
DA:37,3
DA:38,2
DA:41,2
DA:42,3
DA:43,1
DA:44,0
DA:45,1
DA:46,2
DA:50,2
DA:51,3
DA:52,1
DA:53,0
DA:54,1
DA:55,2
LF:24
LH:21
end_of_record
SF:lib\presentation\pages\popular_movies_page.dart
DA:9,1
DA:10,1
DA:14,1
DA:16,1
DA:17,1
DA:18,5
DA:21,1
DA:23,1
DA:24,1
DA:25,1
DA:27,1
DA:29,1
DA:30,1
DA:31,1
DA:32,1
DA:33,1
DA:35,1
DA:36,1
DA:37,1
DA:38,2
DA:39,1
DA:41,2
DA:43,1
DA:44,1
DA:45,1
DA:46,2
DA:49,0
LF:27
LH:26
end_of_record
SF:lib\presentation\widgets\movie_card_list.dart
DA:10,2
DA:12,2
DA:14,2
DA:16,2
DA:17,0
DA:18,0
DA:21,0
DA:24,2
DA:26,2
DA:27,2
DA:28,2
DA:34,2
DA:36,2
DA:37,2
DA:38,4
DA:41,2
DA:43,2
DA:44,2
DA:45,4
DA:53,2
DA:58,2
DA:59,6
DA:60,4
LF:23
LH:20
end_of_record
SF:lib\presentation\pages\movie_detail_page.dart
DA:17,1
DA:19,1
DA:20,1
DA:24,1
DA:26,1
DA:28,2
DA:29,2
DA:30,4
DA:34,1
DA:36,1
DA:37,1
DA:38,1
DA:39,1
DA:41,1
DA:42,1
DA:43,3
DA:44,1
DA:45,1
DA:47,1
DA:49,1
DA:50,1
DA:51,1
DA:56,1
DA:57,2
DA:58,1
DA:59,2
DA:60,1
DA:61,2
DA:62,1
DA:63,1
DA:65,2
DA:68,1
DA:69,3
DA:70,1
DA:72,2
DA:73,0
DA:75,1
DA:87,1
DA:89,1
DA:91,3
DA:92,1
DA:93,1
DA:94,3
DA:95,1
DA:97,1
DA:98,1
DA:99,1
DA:100,1
DA:102,2
DA:109,1
DA:110,1
DA:111,1
DA:113,1
DA:115,1
DA:117,1
DA:118,1
DA:119,2
DA:120,1
DA:122,1
DA:123,1
DA:124,1
DA:125,2
DA:127,1
DA:128,3
DA:131,0
DA:133,0
DA:134,0
DA:138,1
DA:140,1
DA:141,1
DA:142,1
DA:143,1
DA:144,1
DA:148,1
DA:149,3
DA:151,1
DA:152,3
DA:154,1
DA:155,1
DA:156,1
DA:157,3
DA:159,2
DA:165,4
DA:168,1
DA:169,1
DA:171,1
DA:173,1
DA:174,2
DA:176,1
DA:177,1
DA:179,1
DA:181,1
DA:183,1
DA:185,0
DA:186,0
DA:187,0
DA:189,0
DA:190,0
DA:191,0
DA:194,0
DA:197,0
DA:198,0
DA:199,0
DA:201,0
DA:202,0
DA:207,2
DA:214,1
DA:216,1
DA:231,1
DA:233,1
DA:236,1
DA:237,1
DA:238,0
DA:239,0
DA:248,1
DA:250,2
DA:251,3
DA:254,1
DA:258,3
DA:261,1
DA:262,1
DA:263,1
DA:265,1
DA:266,1
DA:268,0
LF:125
LH:106
end_of_record
SF:lib\presentation\widgets\image_card.dart
DA:9,8
DA:11,8
DA:13,16
DA:15,10
DA:16,2
DA:17,4
DA:18,2
DA:19,4
DA:20,2
DA:22,0
DA:24,12
DA:25,0
DA:26,0
DA:27,0
DA:28,0
DA:29,0
DA:31,0
DA:33,12
DA:34,6
DA:35,12
DA:36,6
DA:37,6
DA:38,12
DA:39,6
DA:41,0
DA:44,0
DA:45,0
DA:46,0
DA:47,0
DA:49,0
DA:54,0
LF:31
LH:17
end_of_record
SF:lib\presentation\pages\popular_tvs_page.dart
DA:9,1
DA:10,1
DA:14,1
DA:16,1
DA:17,1
DA:18,5
DA:21,1
DA:23,1
DA:24,1
DA:25,1
DA:27,1
DA:29,1
DA:30,1
DA:31,1
DA:32,1
DA:33,1
DA:35,1
DA:36,1
DA:37,1
DA:38,2
DA:39,1
DA:41,2
DA:43,1
DA:44,1
DA:45,1
DA:46,2
DA:49,0
LF:27
LH:26
end_of_record
SF:lib\presentation\widgets\tv_card_list.dart
DA:10,4
DA:12,4
DA:14,4
DA:16,4
DA:17,0
DA:18,0
DA:21,0
DA:24,4
DA:26,4
DA:27,4
DA:28,4
DA:34,4
DA:36,4
DA:37,4
DA:38,8
DA:41,4
DA:43,4
DA:44,4
DA:45,8
DA:53,4
DA:58,4
DA:59,12
DA:60,8
LF:23
LH:20
end_of_record
SF:lib\presentation\pages\tv_detail_page.dart
DA:17,1
DA:19,1
DA:20,1
DA:24,1
DA:26,1
DA:28,2
DA:29,2
DA:30,4
DA:34,1
DA:36,1
DA:37,1
DA:38,1
DA:39,1
DA:41,1
DA:42,1
DA:43,3
DA:44,1
DA:45,1
DA:47,1
DA:49,1
DA:50,1
DA:51,1
DA:56,1
DA:57,2
DA:58,1
DA:59,2
DA:60,1
DA:61,2
DA:62,1
DA:63,1
DA:65,2
DA:68,1
DA:69,3
DA:70,1
DA:72,2
DA:73,0
DA:75,1
DA:87,1
DA:89,1
DA:91,3
DA:92,1
DA:93,1
DA:94,3
DA:95,1
DA:97,1
DA:98,1
DA:99,1
DA:100,1
DA:102,2
DA:109,1
DA:110,1
DA:111,1
DA:113,1
DA:115,1
DA:117,1
DA:118,1
DA:119,2
DA:120,1
DA:122,1
DA:123,1
DA:124,1
DA:125,2
DA:127,1
DA:128,3
DA:131,0
DA:133,0
DA:134,0
DA:138,1
DA:140,1
DA:141,1
DA:142,1
DA:143,1
DA:144,1
DA:148,1
DA:149,3
DA:151,1
DA:152,1
DA:153,1
DA:154,3
DA:156,2
DA:162,4
DA:165,1
DA:166,1
DA:168,1
DA:170,1
DA:171,2
DA:173,1
DA:174,1
DA:176,1
DA:178,1
DA:180,1
DA:182,0
DA:183,0
DA:184,0
DA:186,0
DA:187,0
DA:188,0
DA:191,0
DA:194,0
DA:195,0
DA:196,0
DA:198,0
DA:199,0
DA:204,2
DA:211,1
DA:213,1
DA:228,1
DA:230,1
DA:233,1
DA:234,1
DA:235,0
DA:236,0
DA:245,1
DA:247,2
DA:248,3
DA:251,1
DA:255,3
LF:117
LH:99
end_of_record
SF:lib\presentation\bloc\top_rated_movies\top_rated_movies_state.dart
DA:4,1
DA:6,0
DA:7,0
DA:17,1
DA:19,0
DA:20,0
DA:26,1
DA:28,0
DA:29,0
LF:9
LH:3
end_of_record
SF:lib\presentation\bloc\top_rated_movies\top_rated_movies_bloc.dart
DA:13,0
DA:14,0
DA:16,0
DA:17,0
DA:18,0
DA:19,0
DA:20,0
DA:21,0
LF:8
LH:0
end_of_record
SF:lib\presentation\bloc\top_rated_movies\top_rated_movies_event.dart
DA:6,0
DA:7,0
LF:2
LH:0
end_of_record
SF:lib\presentation\pages\top_rated_movies_page.dart
DA:9,1
DA:10,1
DA:14,1
DA:16,1
DA:17,1
DA:18,5
DA:21,1
DA:23,1
DA:24,1
DA:25,1
DA:27,1
DA:29,1
DA:30,1
DA:31,1
DA:32,1
DA:33,1
DA:35,1
DA:36,1
DA:37,1
DA:38,2
DA:39,1
DA:41,2
DA:43,1
DA:44,1
DA:45,1
DA:46,2
DA:49,0
LF:27
LH:26
end_of_record
SF:lib\presentation\bloc\top_rated_tvs\top_rated_tvs_bloc.dart
DA:12,0
DA:13,0
DA:15,0
DA:16,0
DA:17,0
DA:18,0
DA:19,0
DA:20,0
LF:8
LH:0
end_of_record
SF:lib\presentation\bloc\top_rated_tvs\top_rated_tvs_state.dart
DA:4,1
DA:6,0
DA:7,0
DA:17,1
DA:19,0
DA:20,0
DA:26,1
DA:28,0
DA:29,0
LF:9
LH:3
end_of_record
SF:lib\presentation\bloc\top_rated_tvs\top_rated_tvs_event.dart
DA:6,0
DA:7,0
LF:2
LH:0
end_of_record
SF:lib\presentation\pages\top_rated_tvs_page.dart
DA:9,1
DA:10,1
DA:14,1
DA:16,1
DA:17,1
DA:18,5
DA:21,1
DA:23,1
DA:24,1
DA:25,1
DA:27,1
DA:29,1
DA:30,1
DA:31,1
DA:32,1
DA:33,1
DA:35,1
DA:36,1
DA:37,1
DA:38,2
DA:39,1
DA:41,2
DA:43,1
DA:44,1
DA:45,1
DA:46,2
DA:49,0
LF:27
LH:26
end_of_record
SF:lib\presentation\pages\tv_now_playing_page.dart
DA:9,1
DA:10,1
DA:14,1
DA:16,1
DA:17,1
DA:18,5
DA:21,1
DA:23,1
DA:24,1
DA:25,1
DA:27,1
DA:29,1
DA:30,1
DA:31,1
DA:32,1
DA:33,1
DA:35,1
DA:36,1
DA:37,1
DA:38,2
DA:39,1
DA:41,2
DA:43,1
DA:44,1
DA:45,1
DA:46,2
DA:49,0
LF:27
LH:26
end_of_record
SF:lib\presentation\pages\watchlist_tvs_page.dart
DA:10,1
DA:11,1
DA:16,1
DA:18,1
DA:19,1
DA:20,5
DA:23,1
DA:25,1
DA:26,4
DA:29,0
DA:30,0
DA:33,1
DA:35,1
DA:36,1
DA:37,1
DA:39,1
DA:41,1
DA:42,1
DA:43,1
DA:44,1
DA:45,1
DA:47,1
DA:48,1
DA:49,1
DA:50,2
DA:51,1
DA:53,2
DA:55,1
DA:56,1
DA:57,1
DA:58,2
DA:61,0
DA:69,1
DA:71,2
DA:72,1
LF:35
LH:32
end_of_record
SF:lib\common\utils.dart
DA:3,3
LF:1
LH:1
end_of_record
